<?xml version="1.0" encoding="UTF-8"?>
<testng-results skipped="0" failed="0" total="1" passed="1">
  <reporter-output>
  </reporter-output>
  <suite name="Suite" duration-ms="12791" started-at="2021-05-24T17:12:04Z" finished-at="2021-05-24T17:12:16Z">
    <groups>
    </groups>
    <test name="Test" duration-ms="12791" started-at="2021-05-24T17:12:04Z" finished-at="2021-05-24T17:12:16Z">
      <class name="com.slt.tests.OrangeHRMTests">
        <test-method status="PASS" signature="setUP()[pri:0, instance:com.slt.tests.OrangeHRMTests@1753acfe]" name="setUP" is-config="true" duration-ms="5843" started-at="2021-05-24T22:42:04Z" finished-at="2021-05-24T22:42:09Z">
          <reporter-output>
          </reporter-output>
        </test-method> <!-- setUP -->
        <test-method status="PASS" signature="loginLogoutTests()[pri:0, instance:com.slt.tests.OrangeHRMTests@1753acfe]" name="loginLogoutTests" duration-ms="5708" started-at="2021-05-24T22:42:09Z" finished-at="2021-05-24T22:42:15Z">
          <reporter-output>
          </reporter-output>
        </test-method> <!-- loginLogoutTests -->
        <test-method status="PASS" signature="tearDown()[pri:0, instance:com.slt.tests.OrangeHRMTests@1753acfe]" name="tearDown" is-config="true" duration-ms="1216" started-at="2021-05-24T22:42:15Z" finished-at="2021-05-24T22:42:16Z">
          <reporter-output>
          </reporter-output>
        </test-method> <!-- tearDown -->
      </class> <!-- com.slt.tests.OrangeHRMTests -->
    </test> <!-- Test -->
  </suite> <!-- Suite -->
</testng-results>
